
> nextn@0.1.0 build
> NODE_ENV=production next build

 ⚠ Mismatching @next/swc version, detected: 15.5.7 while Next.js is on 15.5.11. Please ensure these match
   ▲ Next.js 15.5.11

   Creating an optimized production build ...
 ✓ Compiled successfully in 6.9s
   Linting and checking validity of types ...
 ⨯ ESLint: Converting circular structure to JSON     --> starting at object with constructor 'Object'     |     property 'configs' -> object with constructor 'Object'     |     property 'flat' -> object with constructor 'Object'     |     ...     |     property 'plugins' -> object with constructor 'Object'     --- property 'react' closes the circle Referenced from: 
   Collecting page data ...
   Generating static pages (0/19) ...
   Generating static pages (4/19) 
   Generating static pages (9/19) 
   Generating static pages (14/19) 
 ✓ Generating static pages (19/19)
   Finalizing page optimization ...
   Collecting build traces ...

Route (app)                                 Size  First Load JS
┌ ○ /                                    2.45 kB         174 kB
├ ○ /_not-found                            146 B         102 kB
├ ƒ /api/auth/login                        146 B         102 kB
├ ƒ /api/auth/signup                       146 B         102 kB
├ ƒ /api/chat/admin                        146 B         102 kB
├ ƒ /api/chat/conversations                146 B         102 kB
├ ƒ /api/chat/messages                     146 B         102 kB
├ ƒ /api/projects                          146 B         102 kB
├ ƒ /api/projects/[id]                     146 B         102 kB
├ ƒ /api/user/update                       146 B         102 kB
├ ○ /beats                               9.21 kB         982 kB
├ ○ /full                                7.73 kB         979 kB
├ ○ /login                               2.87 kB         119 kB
├ ○ /profile                                7 kB         179 kB
├ ○ /profile/edit                        2.15 kB         174 kB
├ ○ /short                               4.19 kB         982 kB
└ ○ /signup                              2.85 kB         119 kB
+ First Load JS shared by all             102 kB
  ├ chunks/493-806b08c158800e63.js       45.5 kB
  ├ chunks/4bd1b696-21f374d1156f834a.js  54.2 kB
  └ other shared chunks (total)          2.02 kB


○  (Static)   prerendered as static content
ƒ  (Dynamic)  server-rendered on demand

